# Logfile created on 2018-02-15 08:31:33 +0100 by logger.rb/61378
D, [2018-02-15T08:31:33.251672 #2800] DEBUG -- :    (0.0ms)  SET  @@SESSION.sql_mode = CONCAT(CONCAT(@@sql_mode, ',STRICT_ALL_TABLES'), ',NO_AUTO_VALUE_ON_ZERO'),  @@SESSION.sql_auto_is_null = 0, @@SESSION.wait_timeout = 2147483
D, [2018-02-15T08:31:33.256672 #2800] DEBUG -- :    (1.0ms)  BEGIN
D, [2018-02-15T08:31:33.279672 #2800] DEBUG -- :   SQL (1.0ms)  INSERT INTO `clients` (`firstname`, `lastname`) VALUES ('Jean', 'Dupond')
D, [2018-02-15T08:31:33.301672 #2800] DEBUG -- :    (22.0ms)  COMMIT
D, [2018-02-15T08:31:33.301672 #2800] DEBUG -- :    (0.0ms)  BEGIN
D, [2018-02-15T08:31:33.302672 #2800] DEBUG -- :   SQL (0.0ms)  INSERT INTO `clients` (`firstname`, `lastname`) VALUES ('Michel', 'Marchand')
D, [2018-02-15T08:31:33.309672 #2800] DEBUG -- :    (6.0ms)  COMMIT
D, [2018-02-15T08:31:33.310672 #2800] DEBUG -- :    (0.0ms)  BEGIN
D, [2018-02-15T08:31:33.313672 #2800] DEBUG -- :   SQL (0.0ms)  INSERT INTO `clients` (`firstname`, `lastname`) VALUES ('René', 'Betchen')
D, [2018-02-15T08:31:33.317672 #2800] DEBUG -- :    (3.0ms)  COMMIT
D, [2018-02-15T08:32:18.062672 #2016] DEBUG -- :    (0.0ms)  SET  @@SESSION.sql_mode = CONCAT(CONCAT(@@sql_mode, ',STRICT_ALL_TABLES'), ',NO_AUTO_VALUE_ON_ZERO'),  @@SESSION.sql_auto_is_null = 0, @@SESSION.wait_timeout = 2147483
D, [2018-02-15T08:32:18.067672 #2016] DEBUG -- :    (0.0ms)  BEGIN
D, [2018-02-15T08:32:18.088672 #2016] DEBUG -- :   SQL (0.0ms)  INSERT INTO `clients` (`firstname`, `lastname`) VALUES ('Jean', 'Dupond')
D, [2018-02-15T08:32:18.097672 #2016] DEBUG -- :    (8.0ms)  COMMIT
D, [2018-02-15T08:32:18.098672 #2016] DEBUG -- :    (0.0ms)  BEGIN
D, [2018-02-15T08:32:18.099672 #2016] DEBUG -- :   SQL (0.0ms)  INSERT INTO `clients` (`firstname`, `lastname`) VALUES ('Michel', 'Marchand')
D, [2018-02-15T08:32:18.105672 #2016] DEBUG -- :    (6.0ms)  COMMIT
D, [2018-02-15T08:32:18.105672 #2016] DEBUG -- :    (0.0ms)  BEGIN
D, [2018-02-15T08:32:18.106672 #2016] DEBUG -- :   SQL (0.0ms)  INSERT INTO `clients` (`firstname`, `lastname`) VALUES ('René', 'Betchen')
D, [2018-02-15T08:32:18.110672 #2016] DEBUG -- :    (4.0ms)  COMMIT
D, [2018-02-15T08:33:17.501672 #3548] DEBUG -- :    (0.0ms)  SET  @@SESSION.sql_mode = CONCAT(CONCAT(@@sql_mode, ',STRICT_ALL_TABLES'), ',NO_AUTO_VALUE_ON_ZERO'),  @@SESSION.sql_auto_is_null = 0, @@SESSION.wait_timeout = 2147483
D, [2018-02-15T08:33:17.505672 #3548] DEBUG -- :    (0.0ms)  BEGIN
D, [2018-02-15T08:33:17.526672 #3548] DEBUG -- :   SQL (1.0ms)  INSERT INTO `clients` (`firstname`, `lastname`) VALUES ('Jean', 'Dupond')
D, [2018-02-15T08:33:17.532672 #3548] DEBUG -- :    (6.0ms)  COMMIT
D, [2018-02-15T08:33:17.532672 #3548] DEBUG -- :    (0.0ms)  BEGIN
D, [2018-02-15T08:33:17.533672 #3548] DEBUG -- :   SQL (0.0ms)  INSERT INTO `clients` (`firstname`, `lastname`) VALUES ('Michel', 'Marchand')
D, [2018-02-15T08:33:17.537672 #3548] DEBUG -- :    (3.0ms)  COMMIT
D, [2018-02-15T08:33:17.537672 #3548] DEBUG -- :    (0.0ms)  BEGIN
D, [2018-02-15T08:33:17.538672 #3548] DEBUG -- :   SQL (0.0ms)  INSERT INTO `clients` (`firstname`, `lastname`) VALUES ('René', 'Betchen')
D, [2018-02-15T08:33:17.545672 #3548] DEBUG -- :    (5.0ms)  COMMIT
D, [2018-02-15T08:45:19.616672 #7744] DEBUG -- :    (0.0ms)  SET  @@SESSION.sql_mode = CONCAT(CONCAT(@@sql_mode, ',STRICT_ALL_TABLES'), ',NO_AUTO_VALUE_ON_ZERO'),  @@SESSION.sql_auto_is_null = 0, @@SESSION.wait_timeout = 2147483
D, [2018-02-15T08:45:19.622672 #7744] DEBUG -- :    (0.0ms)  BEGIN
D, [2018-02-15T08:45:19.646672 #7744] DEBUG -- :   SQL (0.0ms)  INSERT INTO `clients` (`firstname`, `lastname`) VALUES ('Jean', 'Dupond')
D, [2018-02-15T08:45:19.650672 #7744] DEBUG -- :    (2.0ms)  COMMIT
D, [2018-02-15T08:45:19.650672 #7744] DEBUG -- :    (0.0ms)  BEGIN
D, [2018-02-15T08:45:19.651672 #7744] DEBUG -- :   SQL (0.0ms)  INSERT INTO `clients` (`firstname`, `lastname`) VALUES ('Michel', 'Marchand')
D, [2018-02-15T08:45:19.655672 #7744] DEBUG -- :    (4.0ms)  COMMIT
D, [2018-02-15T08:45:19.655672 #7744] DEBUG -- :    (0.0ms)  BEGIN
D, [2018-02-15T08:45:19.656672 #7744] DEBUG -- :   SQL (0.0ms)  INSERT INTO `clients` (`firstname`, `lastname`) VALUES ('René', 'Betchen')
D, [2018-02-15T08:45:19.662672 #7744] DEBUG -- :    (5.0ms)  COMMIT
D, [2018-02-15T08:46:13.853594 #4256] DEBUG -- :    (0.0ms)  SET  @@SESSION.sql_mode = CONCAT(CONCAT(@@sql_mode, ',STRICT_ALL_TABLES'), ',NO_AUTO_VALUE_ON_ZERO'),  @@SESSION.sql_auto_is_null = 0, @@SESSION.wait_timeout = 2147483
D, [2018-02-15T08:46:13.857595 #4256] DEBUG -- :    (0.0ms)  BEGIN
D, [2018-02-15T08:46:13.877597 #4256] DEBUG -- :   SQL (0.0ms)  INSERT INTO `clients` (`firstname`, `lastname`) VALUES ('Jean', 'Dupond')
D, [2018-02-15T08:46:13.883597 #4256] DEBUG -- :    (5.0ms)  COMMIT
D, [2018-02-15T08:46:13.884598 #4256] DEBUG -- :    (0.0ms)  BEGIN
D, [2018-02-15T08:46:13.885598 #4256] DEBUG -- :   SQL (0.0ms)  INSERT INTO `clients` (`firstname`, `lastname`) VALUES ('Michel', 'Marchand')
D, [2018-02-15T08:46:13.889598 #4256] DEBUG -- :    (4.0ms)  COMMIT
D, [2018-02-15T08:46:13.889598 #4256] DEBUG -- :    (0.0ms)  BEGIN
D, [2018-02-15T08:46:13.890598 #4256] DEBUG -- :   SQL (0.0ms)  INSERT INTO `clients` (`firstname`, `lastname`) VALUES ('René', 'Betchen')
D, [2018-02-15T08:46:13.896599 #4256] DEBUG -- :    (6.0ms)  COMMIT
D, [2018-02-15T08:46:13.904600 #4256] DEBUG -- :    (0.0ms)  BEGIN
D, [2018-02-15T08:46:13.905600 #4256] DEBUG -- :   SQL (0.0ms)  INSERT INTO `categories` (`name`, `description`) VALUES ('Fruits', 'Fruits en vrac')
D, [2018-02-15T08:46:13.909600 #4256] DEBUG -- :    (3.0ms)  COMMIT
D, [2018-02-15T08:46:13.923601 #4256] DEBUG -- :    (13.0ms)  BEGIN
D, [2018-02-15T08:46:13.923601 #4256] DEBUG -- :   SQL (0.0ms)  INSERT INTO `categories` (`name`, `description`) VALUES ('Légumes', 'Légumes')
D, [2018-02-15T08:46:13.930602 #4256] DEBUG -- :    (6.0ms)  COMMIT
D, [2018-02-15T08:46:13.931602 #4256] DEBUG -- :    (0.0ms)  BEGIN
D, [2018-02-15T08:46:13.931602 #4256] DEBUG -- :   SQL (0.0ms)  INSERT INTO `categories` (`name`, `description`) VALUES ('Féculents', 'Pates, riz')
D, [2018-02-15T08:46:13.936603 #4256] DEBUG -- :    (4.0ms)  COMMIT
D, [2018-02-15T08:46:50.567265 #7812] DEBUG -- :    (0.0ms)  SET  @@SESSION.sql_mode = CONCAT(CONCAT(@@sql_mode, ',STRICT_ALL_TABLES'), ',NO_AUTO_VALUE_ON_ZERO'),  @@SESSION.sql_auto_is_null = 0, @@SESSION.wait_timeout = 2147483
D, [2018-02-15T08:46:50.571266 #7812] DEBUG -- :    (0.0ms)  BEGIN
D, [2018-02-15T08:46:50.591268 #7812] DEBUG -- :   SQL (0.0ms)  INSERT INTO `clients` (`firstname`, `lastname`) VALUES ('Jean', 'Dupond')
D, [2018-02-15T08:46:50.606269 #7812] DEBUG -- :    (14.0ms)  COMMIT
D, [2018-02-15T08:46:50.607269 #7812] DEBUG -- :    (1.0ms)  BEGIN
D, [2018-02-15T08:46:50.608270 #7812] DEBUG -- :   SQL (1.0ms)  INSERT INTO `clients` (`firstname`, `lastname`) VALUES ('Michel', 'Marchand')
D, [2018-02-15T08:46:50.612270 #7812] DEBUG -- :    (3.0ms)  COMMIT
D, [2018-02-15T08:46:50.613270 #7812] DEBUG -- :    (0.0ms)  BEGIN
D, [2018-02-15T08:46:50.615270 #7812] DEBUG -- :   SQL (0.0ms)  INSERT INTO `clients` (`firstname`, `lastname`) VALUES ('René', 'Betchen')
D, [2018-02-15T08:46:50.619271 #7812] DEBUG -- :    (4.0ms)  COMMIT
D, [2018-02-15T08:46:50.623271 #7812] DEBUG -- :    (0.0ms)  BEGIN
D, [2018-02-15T08:46:50.624271 #7812] DEBUG -- :   SQL (0.0ms)  INSERT INTO `categories` (`name`, `description`) VALUES ('Fruits', 'Fruits en vrac')
D, [2018-02-15T08:46:50.631272 #7812] DEBUG -- :    (6.0ms)  COMMIT
D, [2018-02-15T08:46:50.631272 #7812] DEBUG -- :    (0.0ms)  BEGIN
D, [2018-02-15T08:46:50.632272 #7812] DEBUG -- :   SQL (0.0ms)  INSERT INTO `categories` (`name`, `description`) VALUES ('Légumes', 'Légumes')
D, [2018-02-15T08:46:50.636272 #7812] DEBUG -- :    (3.0ms)  COMMIT
D, [2018-02-15T08:46:50.637272 #7812] DEBUG -- :    (0.0ms)  BEGIN
D, [2018-02-15T08:46:50.638273 #7812] DEBUG -- :   SQL (0.0ms)  INSERT INTO `categories` (`name`, `description`) VALUES ('Féculents', 'Pates, riz')
D, [2018-02-15T08:46:50.642273 #7812] DEBUG -- :    (3.0ms)  COMMIT
D, [2018-02-15T08:47:01.140323 #3932] DEBUG -- :    (0.0ms)  SET  @@SESSION.sql_mode = CONCAT(CONCAT(@@sql_mode, ',STRICT_ALL_TABLES'), ',NO_AUTO_VALUE_ON_ZERO'),  @@SESSION.sql_auto_is_null = 0, @@SESSION.wait_timeout = 2147483
D, [2018-02-15T08:47:01.144323 #3932] DEBUG -- :    (0.0ms)  BEGIN
D, [2018-02-15T08:47:01.164325 #3932] DEBUG -- :   SQL (0.0ms)  INSERT INTO `clients` (`firstname`, `lastname`) VALUES ('Jean', 'Dupond')
D, [2018-02-15T08:47:01.181327 #3932] DEBUG -- :    (16.0ms)  COMMIT
D, [2018-02-15T08:47:01.182327 #3932] DEBUG -- :    (0.0ms)  BEGIN
D, [2018-02-15T08:47:01.183327 #3932] DEBUG -- :   SQL (0.0ms)  INSERT INTO `clients` (`firstname`, `lastname`) VALUES ('Michel', 'Marchand')
D, [2018-02-15T08:47:01.188327 #3932] DEBUG -- :    (4.0ms)  COMMIT
D, [2018-02-15T08:47:01.189328 #3932] DEBUG -- :    (0.0ms)  BEGIN
D, [2018-02-15T08:47:01.190328 #3932] DEBUG -- :   SQL (1.0ms)  INSERT INTO `clients` (`firstname`, `lastname`) VALUES ('René', 'Betchen')
D, [2018-02-15T08:47:01.195328 #3932] DEBUG -- :    (5.0ms)  COMMIT
D, [2018-02-15T08:47:01.199329 #3932] DEBUG -- :    (0.0ms)  BEGIN
D, [2018-02-15T08:47:01.200329 #3932] DEBUG -- :   SQL (1.0ms)  INSERT INTO `categories` (`name`, `description`) VALUES ('Fruits', 'Fruits en vrac')
D, [2018-02-15T08:47:01.204329 #3932] DEBUG -- :    (4.0ms)  COMMIT
D, [2018-02-15T08:47:01.204329 #3932] DEBUG -- :    (0.0ms)  BEGIN
D, [2018-02-15T08:47:01.205329 #3932] DEBUG -- :   SQL (0.0ms)  INSERT INTO `categories` (`name`, `description`) VALUES ('Légumes', 'Légumes')
D, [2018-02-15T08:47:01.209330 #3932] DEBUG -- :    (4.0ms)  COMMIT
D, [2018-02-15T08:47:01.210330 #3932] DEBUG -- :    (0.0ms)  BEGIN
D, [2018-02-15T08:47:01.211330 #3932] DEBUG -- :   SQL (0.0ms)  INSERT INTO `categories` (`name`, `description`) VALUES ('Féculents', 'Pates, riz')
D, [2018-02-15T08:47:01.214330 #3932] DEBUG -- :    (3.0ms)  COMMIT
D, [2018-02-15T09:05:47.761672 #4664] DEBUG -- :    (0.0ms)  SET  @@SESSION.sql_mode = CONCAT(CONCAT(@@sql_mode, ',STRICT_ALL_TABLES'), ',NO_AUTO_VALUE_ON_ZERO'),  @@SESSION.sql_auto_is_null = 0, @@SESSION.wait_timeout = 2147483
D, [2018-02-15T09:05:47.764672 #4664] DEBUG -- :   Product Load (1.0ms)  SELECT  `products`.* FROM `products` WHERE (price <= 20) ORDER BY `products`.`id` ASC LIMIT 1
D, [2018-02-15T09:07:03.020672 #4660] DEBUG -- :    (1.0ms)  SET  @@SESSION.sql_mode = CONCAT(CONCAT(@@sql_mode, ',STRICT_ALL_TABLES'), ',NO_AUTO_VALUE_ON_ZERO'),  @@SESSION.sql_auto_is_null = 0, @@SESSION.wait_timeout = 2147483
D, [2018-02-15T09:07:03.022672 #4660] DEBUG -- :   Product Load (1.0ms)  SELECT `products`.* FROM `products` WHERE (price <= 20)
D, [2018-02-15T09:08:02.422672 #6180] DEBUG -- :    (0.0ms)  SET  @@SESSION.sql_mode = CONCAT(CONCAT(@@sql_mode, ',STRICT_ALL_TABLES'), ',NO_AUTO_VALUE_ON_ZERO'),  @@SESSION.sql_auto_is_null = 0, @@SESSION.wait_timeout = 2147483
D, [2018-02-15T09:08:02.424672 #6180] DEBUG -- :   Product Load (1.0ms)  SELECT `products`.* FROM `products` WHERE (price <= 20)
D, [2018-02-15T09:08:13.643672 #8596] DEBUG -- :    (0.0ms)  SET  @@SESSION.sql_mode = CONCAT(CONCAT(@@sql_mode, ',STRICT_ALL_TABLES'), ',NO_AUTO_VALUE_ON_ZERO'),  @@SESSION.sql_auto_is_null = 0, @@SESSION.wait_timeout = 2147483
D, [2018-02-15T09:08:13.645672 #8596] DEBUG -- :   Product Load (1.0ms)  SELECT `products`.* FROM `products` WHERE (price <= 20)
D, [2018-02-15T09:08:44.054672 #8912] DEBUG -- :    (0.0ms)  SET  @@SESSION.sql_mode = CONCAT(CONCAT(@@sql_mode, ',STRICT_ALL_TABLES'), ',NO_AUTO_VALUE_ON_ZERO'),  @@SESSION.sql_auto_is_null = 0, @@SESSION.wait_timeout = 2147483
D, [2018-02-15T09:08:44.056672 #8912] DEBUG -- :   Product Load (1.0ms)  SELECT `products`.* FROM `products` WHERE (price <= 20)
D, [2018-02-15T09:08:48.395672 #5324] DEBUG -- :    (0.0ms)  SET  @@SESSION.sql_mode = CONCAT(CONCAT(@@sql_mode, ',STRICT_ALL_TABLES'), ',NO_AUTO_VALUE_ON_ZERO'),  @@SESSION.sql_auto_is_null = 0, @@SESSION.wait_timeout = 2147483
D, [2018-02-15T09:08:48.397672 #5324] DEBUG -- :   Product Load (1.0ms)  SELECT `products`.* FROM `products` WHERE (price <= 20)
D, [2018-02-15T09:09:04.935672 #8724] DEBUG -- :    (0.0ms)  SET  @@SESSION.sql_mode = CONCAT(CONCAT(@@sql_mode, ',STRICT_ALL_TABLES'), ',NO_AUTO_VALUE_ON_ZERO'),  @@SESSION.sql_auto_is_null = 0, @@SESSION.wait_timeout = 2147483
D, [2018-02-15T09:09:04.937672 #8724] DEBUG -- :   Product Load (0.0ms)  SELECT  `products`.* FROM `products` WHERE (price <= 20) ORDER BY `products`.`id` ASC LIMIT 1
D, [2018-02-15T09:09:21.376672 #6856] DEBUG -- :    (0.0ms)  SET  @@SESSION.sql_mode = CONCAT(CONCAT(@@sql_mode, ',STRICT_ALL_TABLES'), ',NO_AUTO_VALUE_ON_ZERO'),  @@SESSION.sql_auto_is_null = 0, @@SESSION.wait_timeout = 2147483
D, [2018-02-15T09:09:21.378672 #6856] DEBUG -- :   Product Load (0.0ms)  SELECT  `products`.* FROM `products` WHERE (price <= 20) ORDER BY `products`.`id` ASC LIMIT 1
